Build started 10/30/2014 10:42:19 AM.
     1>Project "C:\Projects\EMC\Source\DubstepCannon.vcxproj" on node 2 (Build target(s)).
     1>ClCompile:
         C:\Program Files (x86)\Microsoft Visual Studio 12.0\VC\bin\CL.exe /c /IC:\Projects\EMC\Source\Dependencies\include /ZI /nologo /W3 /WX- /sdl /Od /Oy- /D WIN32 /D _DEBUG /D _CONSOLE /D _CRT_SECURE_NO_WARNINGS /D _MBCS /Gm /EHsc /RTC1 /MDd /GS /fp:precise /Zc:wchar_t /Zc:forScope /Yu"stdafx.h" /Fp"Debug\EMC.pch" /Fo"Debug\\" /Fd"Debug\vc120.pdb" /Gd /TP /analyze- /errorReport:prompt MP3toData.cpp
         MP3toData.cpp
     1>c:\projects\emc\source\mp3todata.cpp(1): warning C4627: '#include "MP3toData.h"': skipped when looking for precompiled header use
                 Add directive to 'stdafx.h' or rebuild precompiled header
     1>c:\projects\emc\source\mp3todata.cpp(53): warning C4018: '<' : signed/unsigned mismatch
     1>c:\projects\emc\source\mp3todata.cpp(69): warning C4101: 'inbuf' : unreferenced local variable
     1>c:\projects\emc\source\mp3todata.cpp(70): warning C4101: 'f' : unreferenced local variable
     1>c:\projects\emc\source\mp3todata.cpp(97): warning C4715: 'decodeMusic' : not all control paths return a value
       ResourceCompile:
         C:\Program Files (x86)\Windows Kits\8.1\bin\x86\rc.exe /l"0x0409" /nologo /fo"Debug\DubstepCannon.res" DubstepCannon.rc 
       Link:
         C:\Program Files (x86)\Microsoft Visual Studio 12.0\VC\bin\link.exe /ERRORREPORT:PROMPT /OUT:"C:\Projects\EMC\Source\Debug\EMC.exe" /INCREMENTAL /NOLOGO /LIBPATH:C:\Projects\EMC\Source\Dependencies\lib avcodec.lib avdevice.lib avfilter.lib avformat.lib avutil.lib postproc.lib swresample.lib swscale.lib "libfftw3-3.lib" kernel32.lib user32.lib gdi32.lib winspool.lib comdlg32.lib advapi32.lib shell32.lib ole32.lib oleaut32.lib uuid.lib odbc32.lib odbccp32.lib /MANIFEST /MANIFESTUAC:"level='asInvoker' uiAccess='false'" /manifest:embed /DEBUG /PDB:"C:\Projects\EMC\Source\Debug\EMC.pdb" /SUBSYSTEM:CONSOLE /TLBID:1 /DYNAMICBASE /NXCOMPAT /IMPLIB:"C:\Projects\EMC\Source\Debug\EMC.lib" /MACHINE:X86 Debug\DubstepCannon.res
         Debug\CommonOperations.obj
         Debug\FrequencyRangeProfile.obj
         Debug\ArduinoReadableFileWriter.obj
         Debug\FrequencyMaximum.obj
         Debug\MP3toData.obj
         Debug\EntryPoint.obj
         Debug\FFTPreprocessing.obj
         Debug\SignalProcessingAlgorithms.obj
         Debug\stdafx.obj
         "..\..\Source\Dependencies\Include\libfftw3-3.lib"
     1>LINK : fatal error LNK1104: cannot open file '..\..\Source\Dependencies\Include\libfftw3-3.lib'
     1>Done Building Project "C:\Projects\EMC\Source\DubstepCannon.vcxproj" (Build target(s)) -- FAILED.

Build FAILED.

Time Elapsed 00:00:00.28
