c:\projects\emc\source\debug\emc.pch
c:\projects\emc\source\debug\vc120.pdb
c:\projects\emc\source\debug\vc120.idb
c:\projects\emc\source\debug\commonoperations.obj
c:\projects\emc\source\debug\frequencyrangeprofile.obj
c:\projects\emc\source\debug\arduinoreadablefilewriter.obj
c:\projects\emc\source\debug\frequencymaximum.obj
c:\projects\emc\source\debug\mp3todata.obj
c:\projects\emc\source\debug\entrypoint.obj
c:\projects\emc\source\debug\fftpreprocessing.obj
c:\projects\emc\source\debug\signalprocessingalgorithms.obj
c:\projects\emc\debug\emc.ilk
c:\projects\emc\debug\emc.exe
c:\projects\emc\debug\emc.pdb
c:\projects\emc\source\debug\dubstepcannon.res
c:\projects\emc\source\..\debug\emc.exe
c:\projects\emc\source\debug\emc.tlog\cl.command.1.tlog
c:\projects\emc\source\debug\emc.tlog\cl.read.1.tlog
c:\projects\emc\source\debug\emc.tlog\cl.write.1.tlog
c:\projects\emc\source\debug\emc.tlog\link.command.1.tlog
c:\projects\emc\source\debug\emc.tlog\link.read.1.tlog
c:\projects\emc\source\debug\emc.tlog\link.write.1.tlog
c:\projects\emc\source\debug\emc.tlog\rc.command.1.tlog
c:\projects\emc\source\debug\emc.tlog\rc.read.1.tlog
c:\projects\emc\source\debug\emc.tlog\rc.write.1.tlog
